This is pdfTeX, Version 3.141592653-2.6-1.40.26 (TeX Live 2024/Homebrew) (preloaded format=pdflatex 2024.3.20)  20 SEP 2025 19:04
entering extended mode
 \write18 enabled.
 %&-line parsing enabled.
**main.tex
(./main.tex
LaTeX2e <2023-11-01> patch level 1
L3 programming layer <2024-02-20>

(/opt/homebrew/Cellar/texlive/20240312/share/texmf-dist/tex/latex/base/article.
cls
Document Class: article 2023/05/17 v1.4n Standard LaTeX document class

(/opt/homebrew/Cellar/texlive/20240312/share/texmf-dist/tex/latex/base/size10.c
lo
File: size10.clo 2023/05/17 v1.4n Standard LaTeX file (size option)
)
\c@part=\count188
\c@section=\count189
\c@subsection=\count190
\c@subsubsection=\count191
\c@paragraph=\count192
\c@subparagraph=\count193
\c@figure=\count194
\c@table=\count195
\abovecaptionskip=\skip48
\belowcaptionskip=\skip49
\bibindent=\dimen140
)

LaTeX Warning: \include should only be used after \begin{document} on input lin
e 6.

(./preamble.tex
(/opt/homebrew/Cellar/texlive/20240312/share/texmf-dist/tex/latex/fancyhdr/fanc
yhdr.sty
Package: fancyhdr 2022/11/09 v4.1 Extensive control of page headers and footers

\f@nch@headwidth=\skip50
\f@nch@O@elh=\skip51
\f@nch@O@erh=\skip52
\f@nch@O@olh=\skip53
\f@nch@O@orh=\skip54
\f@nch@O@elf=\skip55
\f@nch@O@erf=\skip56
\f@nch@O@olf=\skip57
\f@nch@O@orf=\skip58
)
(/opt/homebrew/Cellar/texlive/20240312/share/texmf-dist/tex/latex/amsmath/amsma
th.sty
Package: amsmath 2023/05/13 v2.17o AMS math features
\@mathmargin=\skip59

For additional information on amsmath, use the `?' option.

(/opt/homebrew/Cellar/texlive/20240312/share/texmf-dist/tex/latex/amsmath/amste
xt.sty
Package: amstext 2021/08/26 v2.01 AMS text

(/opt/homebrew/Cellar/texlive/20240312/share/texmf-dist/tex/latex/amsmath/amsge
n.sty
File: amsgen.sty 1999/11/30 v2.0 generic functions
\@emptytoks=\toks17
\ex@=\dimen141
))
(/opt/homebrew/Cellar/texlive/20240312/share/texmf-dist/tex/latex/amsmath/amsbs
y.sty
Package: amsbsy 1999/11/29 v1.2d Bold Symbols
\pmbraise@=\dimen142
)
(/opt/homebrew/Cellar/texlive/20240312/share/texmf-dist/tex/latex/amsmath/amsop
n.sty
Package: amsopn 2022/04/08 v2.04 operator names
)
\inf@bad=\count196
LaTeX Info: Redefining \frac on input line 234.
\uproot@=\count197
\leftroot@=\count198
LaTeX Info: Redefining \overline on input line 399.
LaTeX Info: Redefining \colon on input line 410.
\classnum@=\count199
\DOTSCASE@=\count266
LaTeX Info: Redefining \ldots on input line 496.
LaTeX Info: Redefining \dots on input line 499.
LaTeX Info: Redefining \cdots on input line 620.
\Mathstrutbox@=\box51
\strutbox@=\box52
LaTeX Info: Redefining \big on input line 722.
LaTeX Info: Redefining \Big on input line 723.
LaTeX Info: Redefining \bigg on input line 724.
LaTeX Info: Redefining \Bigg on input line 725.
\big@size=\dimen143
LaTeX Font Info:    Redeclaring font encoding OML on input line 743.
LaTeX Font Info:    Redeclaring font encoding OMS on input line 744.
\macc@depth=\count267
LaTeX Info: Redefining \bmod on input line 905.
LaTeX Info: Redefining \pmod on input line 910.
LaTeX Info: Redefining \smash on input line 940.
LaTeX Info: Redefining \relbar on input line 970.
LaTeX Info: Redefining \Relbar on input line 971.
\c@MaxMatrixCols=\count268
\dotsspace@=\muskip16
\c@parentequation=\count269
\dspbrk@lvl=\count270
\tag@help=\toks18
\row@=\count271
\column@=\count272
\maxfields@=\count273
\andhelp@=\toks19
\eqnshift@=\dimen144
\alignsep@=\dimen145
\tagshift@=\dimen146
\tagwidth@=\dimen147
\totwidth@=\dimen148
\lineht@=\dimen149
\@envbody=\toks20
\multlinegap=\skip60
\multlinetaggap=\skip61
\mathdisplay@stack=\toks21
LaTeX Info: Redefining \[ on input line 2953.
LaTeX Info: Redefining \] on input line 2954.
)
(/opt/homebrew/Cellar/texlive/20240312/share/texmf-dist/tex/latex/amscls/amsthm
.sty
Package: amsthm 2020/05/29 v2.20.6
\thm@style=\toks22
\thm@bodyfont=\toks23
\thm@headfont=\toks24
\thm@notefont=\toks25
\thm@headpunct=\toks26
\thm@preskip=\skip62
\thm@postskip=\skip63
\thm@headsep=\skip64
\dth@everypar=\toks27
)
(/opt/homebrew/Cellar/texlive/20240312/share/texmf-dist/tex/latex/amsfonts/amss
ymb.sty
Package: amssymb 2013/01/14 v3.01 AMS font symbols

(/opt/homebrew/Cellar/texlive/20240312/share/texmf-dist/tex/latex/amsfonts/amsf
onts.sty
Package: amsfonts 2013/01/14 v3.01 Basic AMSFonts support
\symAMSa=\mathgroup4
\symAMSb=\mathgroup5
LaTeX Font Info:    Redeclaring math symbol \hbar on input line 98.
LaTeX Font Info:    Overwriting math alphabet `\mathfrak' in version `bold'
(Font)                  U/euf/m/n --> U/euf/b/n on input line 106.
))
(/opt/homebrew/Cellar/texlive/20240312/share/texmf-dist/tex/latex/setspace/sets
pace.sty
Package: setspace 2022/12/04 v6.7b set line spacing
)
(/opt/homebrew/Cellar/texlive/20240312/share/texmf-dist/tex/latex/graphics/grap
hicx.sty
Package: graphicx 2021/09/16 v1.2d Enhanced LaTeX Graphics (DPC,SPQR)

(/opt/homebrew/Cellar/texlive/20240312/share/texmf-dist/tex/latex/graphics/keyv
al.sty
Package: keyval 2022/05/29 v1.15 key=value parser (DPC)
\KV@toks@=\toks28
)
(/opt/homebrew/Cellar/texlive/20240312/share/texmf-dist/tex/latex/graphics/grap
hics.sty
Package: graphics 2022/03/10 v1.4e Standard LaTeX Graphics (DPC,SPQR)

(/opt/homebrew/Cellar/texlive/20240312/share/texmf-dist/tex/latex/graphics/trig
.sty
Package: trig 2021/08/11 v1.11 sin cos tan (DPC)
)
(/opt/homebrew/Cellar/texlive/20240312/share/texmf-dist/tex/latex/graphics-cfg/
graphics.cfg
File: graphics.cfg 2016/06/04 v1.11 sample graphics configuration
)
Package graphics Info: Driver file: pdftex.def on input line 107.

(/opt/homebrew/Cellar/texlive/20240312/share/texmf-dist/tex/latex/graphics-def/
pdftex.def
File: pdftex.def 2022/09/22 v1.2b Graphics/color driver for pdftex
))
\Gin@req@height=\dimen150
\Gin@req@width=\dimen151
)
(/opt/homebrew/Cellar/texlive/20240312/share/texmf-dist/tex/latex/listings/list
ings.sty
\lst@mode=\count274
\lst@gtempboxa=\box53
\lst@token=\toks29
\lst@length=\count275
\lst@currlwidth=\dimen152
\lst@column=\count276
\lst@pos=\count277
\lst@lostspace=\dimen153
\lst@width=\dimen154
\lst@newlines=\count278
\lst@lineno=\count279
\lst@maxwidth=\dimen155

(/opt/homebrew/Cellar/texlive/20240312/share/texmf-dist/tex/latex/listings/lstp
atch.sty
File: lstpatch.sty 2024/02/21 1.10 (Carsten Heinz)
)
(/opt/homebrew/Cellar/texlive/20240312/share/texmf-dist/tex/latex/listings/lstm
isc.sty
File: lstmisc.sty 2024/02/21 1.10 (Carsten Heinz)
\c@lstnumber=\count280
\lst@skipnumbers=\count281
\lst@framebox=\box54
)
(/opt/homebrew/Cellar/texlive/20240312/share/texmf-dist/tex/latex/listings/list
ings.cfg
File: listings.cfg 2024/02/21 1.10 listings configuration
))
Package: listings 2024/02/21 1.10 (Carsten Heinz)

(/opt/homebrew/Cellar/texlive/20240312/share/texmf-dist/tex/latex/xcolor/xcolor
.sty
Package: xcolor 2023/11/15 v3.01 LaTeX color extensions (UK)

(/opt/homebrew/Cellar/texlive/20240312/share/texmf-dist/tex/latex/graphics-cfg/
color.cfg
File: color.cfg 2016/01/02 v1.6 sample color configuration
)
Package xcolor Info: Driver file: pdftex.def on input line 274.

(/opt/homebrew/Cellar/texlive/20240312/share/texmf-dist/tex/latex/graphics/math
color.ltx)
Package xcolor Info: Model `cmy' substituted by `cmy0' on input line 1350.
Package xcolor Info: Model `hsb' substituted by `rgb' on input line 1354.
Package xcolor Info: Model `RGB' extended on input line 1366.
Package xcolor Info: Model `HTML' substituted by `rgb' on input line 1368.
Package xcolor Info: Model `Hsb' substituted by `hsb' on input line 1369.
Package xcolor Info: Model `tHsb' substituted by `hsb' on input line 1370.
Package xcolor Info: Model `HSB' substituted by `hsb' on input line 1371.
Package xcolor Info: Model `Gray' substituted by `gray' on input line 1372.
Package xcolor Info: Model `wave' substituted by `hsb' on input line 1373.
))
(/opt/homebrew/Cellar/texlive/20240312/share/texmf-dist/tex/latex/minted/minted
.sty
Package: minted 2023/12/18 v2.9 Yet another Pygments shim for LaTeX

(/opt/homebrew/Cellar/texlive/20240312/share/texmf-dist/tex/latex/kvoptions/kvo
ptions.sty
Package: kvoptions 2022-06-15 v3.15 Key value format for package options (HO)

(/opt/homebrew/Cellar/texlive/20240312/share/texmf-dist/tex/generic/ltxcmds/ltx
cmds.sty
Package: ltxcmds 2023-12-04 v1.26 LaTeX kernel commands for general use (HO)
)
(/opt/homebrew/Cellar/texlive/20240312/share/texmf-dist/tex/latex/kvsetkeys/kvs
etkeys.sty
Package: kvsetkeys 2022-10-05 v1.19 Key value parser (HO)
))
(/opt/homebrew/Cellar/texlive/20240312/share/texmf-dist/tex/latex/fvextra/fvext
ra.sty
Package: fvextra 2023/11/28 v1.6.1 fvextra - extensions and patches for fancyvr
b

(/opt/homebrew/Cellar/texlive/20240312/share/texmf-dist/tex/latex/etoolbox/etoo
lbox.sty
Package: etoolbox 2020/10/05 v2.5k e-TeX tools for LaTeX (JAW)
\etb@tempcnta=\count282
)
(/opt/homebrew/Cellar/texlive/20240312/share/texmf-dist/tex/latex/fancyvrb/fanc
yvrb.sty
Package: fancyvrb 2024/01/20 4.5c verbatim text (tvz,hv)
\FV@CodeLineNo=\count283
\FV@InFile=\read2
\FV@TabBox=\box55
\c@FancyVerbLine=\count284
\FV@StepNumber=\count285
\FV@OutFile=\write3
)
(/opt/homebrew/Cellar/texlive/20240312/share/texmf-dist/tex/latex/upquote/upquo
te.sty
Package: upquote 2012/04/19 v1.3 upright-quote and grave-accent glyphs in verba
tim
)
(/opt/homebrew/Cellar/texlive/20240312/share/texmf-dist/tex/latex/lineno/lineno
.sty
Package: lineno 2023/05/20 line numbers on paragraphs v5.3
\linenopenalty=\count286
\output=\toks30
\linenoprevgraf=\count287
\linenumbersep=\dimen156
\linenumberwidth=\dimen157
\c@linenumber=\count288
\c@pagewiselinenumber=\count289
\c@LN@truepage=\count290
\c@internallinenumber=\count291
\c@internallinenumbers=\count292
\quotelinenumbersep=\dimen158
\bframerule=\dimen159
\bframesep=\dimen160
\bframebox=\box56
\linenoamsmath@ams@eqpen=\count293
LaTeX Info: Redefining \\ on input line 3180.
)
\c@FancyVerbWriteLine=\count294
\c@FancyVerbBufferIndex=\count295
\c@FancyVerbBufferLength=\count296
\c@FancyVerbBufferLine=\count297
\c@FV@oldbufferlength=\count298
\c@FV@TrueTabGroupLevel=\count299
\c@FV@TrueTabCounter=\count300
\FV@TabBox@Group=\box57
\FV@TmpLength=\skip65
\c@FV@HighlightLinesStart=\count301
\c@FV@HighlightLinesStop=\count302
\FV@LoopCount=\count303
\FV@NCharsBox=\box58
\FV@BreakIndent=\dimen161
\FV@BreakIndentNChars=\count304
\FV@BreakSymbolSepLeft=\dimen162
\FV@BreakSymbolSepLeftNChars=\count305
\FV@BreakSymbolSepRight=\dimen163
\FV@BreakSymbolSepRightNChars=\count306
\FV@BreakSymbolIndentLeft=\dimen164
\FV@BreakSymbolIndentLeftNChars=\count307
\FV@BreakSymbolIndentRight=\dimen165
\FV@BreakSymbolIndentRightNChars=\count308
\c@FancyVerbLineBreakLast=\count309
\FV@LineBox=\box59
\FV@LineIndentBox=\box60
\c@FV@BreakBufferDepth=\count310
\FV@LineWidth=\dimen166
)
(/opt/homebrew/Cellar/texlive/20240312/share/texmf-dist/tex/latex/base/ifthen.s
ty
Package: ifthen 2022/04/13 v1.1d Standard LaTeX ifthen package (DPC)
)
(/opt/homebrew/Cellar/texlive/20240312/share/texmf-dist/tex/latex/tools/shelles
c.sty
Package: shellesc 2023/07/08 v1.0d unified shell escape interface for LaTeX
Package shellesc Info: Unrestricted shell escape enabled on input line 75.
)
(/opt/homebrew/Cellar/texlive/20240312/share/texmf-dist/tex/latex/ifplatform/if
platform.sty
Package: ifplatform 2017/10/13 v0.4a Testing for the operating system

(/opt/homebrew/Cellar/texlive/20240312/share/texmf-dist/tex/generic/pdftexcmds/
pdftexcmds.sty
Package: pdftexcmds 2020-06-27 v0.33 Utility functions of pdfTeX for LuaTeX (HO
)

(/opt/homebrew/Cellar/texlive/20240312/share/texmf-dist/tex/generic/infwarerr/i
nfwarerr.sty
Package: infwarerr 2019/12/03 v1.5 Providing info/warning/error messages (HO)
)
(/opt/homebrew/Cellar/texlive/20240312/share/texmf-dist/tex/generic/iftex/iftex
.sty
Package: iftex 2022/02/03 v1.0f TeX engine tests
)
Package pdftexcmds Info: \pdf@primitive is available.
Package pdftexcmds Info: \pdf@ifprimitive is available.
Package pdftexcmds Info: \pdfdraftmode found.
)
(/opt/homebrew/Cellar/texlive/20240312/share/texmf-dist/tex/generic/catchfile/c
atchfile.sty
Package: catchfile 2019/12/09 v1.8 Catch the contents of a file (HO)

(/opt/homebrew/Cellar/texlive/20240312/share/texmf-dist/tex/generic/etexcmds/et
excmds.sty
Package: etexcmds 2019/12/15 v1.7 Avoid name clashes with e-TeX commands (HO)
))
(/opt/homebrew/Cellar/texlive/20240312/share/texmf-dist/tex/generic/iftex/iflua
tex.sty
Package: ifluatex 2019/10/25 v1.5 ifluatex legacy package. Use iftex instead.
)
runsystem(uname -s > "main.w18")...executed.

 (./main.w18)
runsystem(rm -- "main.w18")...executed.

)
(/opt/homebrew/Cellar/texlive/20240312/share/texmf-dist/tex/generic/xstring/xst
ring.sty
(/opt/homebrew/Cellar/texlive/20240312/share/texmf-dist/tex/generic/xstring/xst
ring.tex
\xs_counta=\count311
\xs_countb=\count312
)
Package: xstring 2023/08/22 v1.86 String manipulations (CT)
)
(/opt/homebrew/Cellar/texlive/20240312/share/texmf-dist/tex/latex/framed/framed
.sty
Package: framed 2011/10/22 v 0.96: framed or shaded text with page breaks
\OuterFrameSep=\skip66
\fb@frw=\dimen167
\fb@frh=\dimen168
\FrameRule=\dimen169
\FrameSep=\dimen170
)
(/opt/homebrew/Cellar/texlive/20240312/share/texmf-dist/tex/latex/float/float.s
ty
Package: float 2001/11/08 v1.3d Float enhancements (AL)
\c@float@type=\count313
\float@exts=\toks31
\float@box=\box61
\@float@everytoks=\toks32
\@floatcapt=\box62
)
\minted@appexistsfile=\read3
\minted@bgbox=\box63
\minted@code=\write4
\c@minted@FancyVerbLineTemp=\count314
\c@minted@pygmentizecounter=\count315
\@float@every@listing=\toks33
\c@listing=\count316
)
runsystem(mkdir -p _minted-main)...executed.

runsystem(command -v pygmentize && touch main.aex)...executed.

runsystem(rm main.aex)...executed.


(/opt/homebrew/Cellar/texlive/20240312/share/texmf-dist/tex/latex/l3backend/l3b
ackend-pdftex.def
File: l3backend-pdftex.def 2024-02-20 L3 backend support: PDF output (pdfTeX)
\l__color_backend_stack_int=\count317
\l__pdf_internal_box=\box64
) (./main.aux (./1.2.aux) (./1.3.aux) (./1.4.aux

LaTeX Warning: Label `fig:your_label' multiply defined.

) (./1.5.aux

LaTeX Warning: Label `fig:your_label' multiply defined.

) (./1.6.aux

LaTeX Warning: Label `tab:<+label+>' multiply defined.


LaTeX Warning: Label `tab:<+label+>' multiply defined.


LaTeX Warning: Label `tab:<+label+>' multiply defined.


LaTeX Warning: Label `tab:<+label+>' multiply defined.

))
\openout1 = `main.aux'.

LaTeX Font Info:    Checking defaults for OML/cmm/m/it on input line 7.
LaTeX Font Info:    ... okay on input line 7.
LaTeX Font Info:    Checking defaults for OMS/cmsy/m/n on input line 7.
LaTeX Font Info:    ... okay on input line 7.
LaTeX Font Info:    Checking defaults for OT1/cmr/m/n on input line 7.
LaTeX Font Info:    ... okay on input line 7.
LaTeX Font Info:    Checking defaults for T1/cmr/m/n on input line 7.
LaTeX Font Info:    ... okay on input line 7.
LaTeX Font Info:    Checking defaults for TS1/cmr/m/n on input line 7.
LaTeX Font Info:    ... okay on input line 7.
LaTeX Font Info:    Checking defaults for OMX/cmex/m/n on input line 7.
LaTeX Font Info:    ... okay on input line 7.
LaTeX Font Info:    Checking defaults for U/cmr/m/n on input line 7.
LaTeX Font Info:    ... okay on input line 7.

(/opt/homebrew/Cellar/texlive/20240312/share/texmf-dist/tex/context/base/mkii/s
upp-pdf.mkii
[Loading MPS to PDF converter (version 2006.09.02).]
\scratchcounter=\count318
\scratchdimen=\dimen171
\scratchbox=\box65
\nofMPsegments=\count319
\nofMParguments=\count320
\everyMPshowfont=\toks34
\MPscratchCnt=\count321
\MPscratchDim=\dimen172
\MPnumerator=\count322
\makeMPintoPDFobject=\count323
\everyMPtoPDFconversion=\toks35
)
(/opt/homebrew/Cellar/texlive/20240312/share/texmf-dist/tex/latex/epstopdf-pkg/
epstopdf-base.sty
Package: epstopdf-base 2020-01-24 v2.11 Base part for package epstopdf
Package epstopdf-base Info: Redefining graphics rule for `.eps' on input line 4
85.

(/opt/homebrew/Cellar/texlive/20240312/share/texmf-dist/tex/latex/latexconfig/e
pstopdf-sys.cfg
File: epstopdf-sys.cfg 2010/07/13 v1.3 Configuration of (r)epstopdf for TeX Liv
e
))
(/opt/homebrew/Cellar/texlive/20240312/share/texmf-dist/tex/latex/base/textcomp
.sty
Package: textcomp 2020/02/02 v2.0n Standard LaTeX package
)
\c@lstlisting=\count324
 (./1.1.tex
LaTeX Font Info:    Trying to load font information for U+msa on input line 1.

(/opt/homebrew/Cellar/texlive/20240312/share/texmf-dist/tex/latex/amsfonts/umsa
.fd
File: umsa.fd 2013/01/14 v3.01 AMS symbols A
)
LaTeX Font Info:    Trying to load font information for U+msb on input line 1.

(/opt/homebrew/Cellar/texlive/20240312/share/texmf-dist/tex/latex/amsfonts/umsb
.fd
File: umsb.fd 2013/01/14 v3.01 AMS symbols B
) [1{/opt/homebrew/Cellar/texlive/20240312/share/texmf-dist/fonts/map/pdftex/up
dmap/pdftex.map}

] [2]) [3]
\openout2 = `1.2.aux'.

 (./1.2.tex
<../images/hw2.jpg, id=21, 4047.12pt x 3035.34pt>
File: ../images/hw2.jpg Graphic file (type jpg)
<use ../images/hw2.jpg>
Package pdftex.def Info: ../images/hw2.jpg  used on input line 54.
(pdftex.def)             Requested size: 276.00105pt x 206.98396pt.
 [4

]) [5 <../images/hw2.jpg>]
\openout2 = `1.3.aux'.


(./1.3.tex [6



] [7]) [8]
\openout2 = `1.4.aux'.

 (./1.4.tex
LaTeX Font Info:    Font shape `OT1/cmtt/bx/n' in size <9> not available
(Font)              Font shape `OT1/cmtt/m/n' tried instead on input line 14.
 [9



] [10] [11] [12] [13]
<../images/hw4-part-e-run.png, id=59, 589.20125pt x 528.97626pt>
File: ../images/hw4-part-e-run.png Graphic file (type png)
<use ../images/hw4-part-e-run.png>
Package pdftex.def Info: ../images/hw4-part-e-run.png  used on input line 209.
(pdftex.def)             Requested size: 276.00105pt x 247.7875pt.
 [14 <../images/hw4-part-e-run.png>] (./latex_chunks/ampl-1-2.tex
\openout3 = `main.pyg'.

 (./_minted-main/default.pygstyle)
(./_minted-main/81B5333FBC7DF1C0161DAEF736643655541C68F80C6A6F06151AFD63BAE50EB
C.pygtex [15]))) [16]
\openout2 = `1.5.aux'.

 (./1.5.tex [17



]

LaTeX Warning: `!h' float specifier changed to `!ht'.

[18] [19]
<../images/profit-vs-reheat-1.png, id=83, 1033.8625pt x 571.13374pt>
File: ../images/profit-vs-reheat-1.png Graphic file (type png)
<use ../images/profit-vs-reheat-1.png>
Package pdftex.def Info: ../images/profit-vs-reheat-1.png  used on input line 1
56.
(pdftex.def)             Requested size: 276.00105pt x 152.46521pt.
 [20 <../images/profit-vs-reheat-1.png>]
<../images/profit-vs-reheat-2.png, id=88, 1033.8625pt x 571.13374pt>
File: ../images/profit-vs-reheat-2.png Graphic file (type png)
<use ../images/profit-vs-reheat-2.png>
Package pdftex.def Info: ../images/profit-vs-reheat-2.png  used on input line 1
71.
(pdftex.def)             Requested size: 276.00105pt x 152.46521pt.
 [21 <../images/profit-vs-reheat-2.png>] [22] (./latex_chunks/ampl-1-3a.tex
\openout3 = `main.pyg'.


(./_minted-main/2049B2A864355CBF22F28E5E12E14405541C68F80C6A6F06151AFD63BAE50EB
C.pygtex)) (./latex_chunks/ampl-1-3c.tex
\openout3 = `main.pyg'.


(./_minted-main/74D5E3BCA8B80B29B59AB25A249C1B5F541C68F80C6A6F06151AFD63BAE50EB
C.pygtex [23]))) [24]
\openout2 = `1.6.aux'.

 (./1.6.tex [25



] [26] [27] [28] [29] [30]
(./latex_chunks/ampl-2-6.tex
\openout3 = `main.pyg'.


(./_minted-main/4DE9CE83ABE1158FA8C9DE7A45829B49541C68F80C6A6F06151AFD63BAE50EB
C.pygtex))) [31] (./main.aux (./1.2.aux) (./1.3.aux) (./1.4.aux) (./1.5.aux)
(./1.6.aux))
 ***********
LaTeX2e <2023-11-01> patch level 1
L3 programming layer <2024-02-20>
 ***********


LaTeX Warning: There were multiply-defined labels.

runsystem(rm main.pyg)...executed.

 ) 
Here is how much of TeX's memory you used:
 9244 strings out of 474116
 162182 string characters out of 5733619
 2134187 words of memory out of 5000000
 31404 multiletter control sequences out of 15000+600000
 567850 words of font info for 76 fonts, out of 8000000 for 9000
 1141 hyphenation exceptions out of 8191
 83i,14n,84p,754b,1760s stack positions out of 10000i,1000n,20000p,200000b,200000s
</opt/homebrew/Cellar/texlive/20240312/share/texmf-dist/fonts/type1/public/am
sfonts/cm/cmbx10.pfb></opt/homebrew/Cellar/texlive/20240312/share/texmf-dist/fo
nts/type1/public/amsfonts/cm/cmbx12.pfb></opt/homebrew/Cellar/texlive/20240312/
share/texmf-dist/fonts/type1/public/amsfonts/cm/cmex10.pfb></opt/homebrew/Cella
r/texlive/20240312/share/texmf-dist/fonts/type1/public/amsfonts/cm/cmitt10.pfb>
</opt/homebrew/Cellar/texlive/20240312/share/texmf-dist/fonts/type1/public/amsf
onts/cm/cmmi10.pfb></opt/homebrew/Cellar/texlive/20240312/share/texmf-dist/font
s/type1/public/amsfonts/cm/cmmi5.pfb></opt/homebrew/Cellar/texlive/20240312/sha
re/texmf-dist/fonts/type1/public/amsfonts/cm/cmmi7.pfb></opt/homebrew/Cellar/te
xlive/20240312/share/texmf-dist/fonts/type1/public/amsfonts/cm/cmr10.pfb></opt/
homebrew/Cellar/texlive/20240312/share/texmf-dist/fonts/type1/public/amsfonts/c
m/cmr5.pfb></opt/homebrew/Cellar/texlive/20240312/share/texmf-dist/fonts/type1/
public/amsfonts/cm/cmr7.pfb></opt/homebrew/Cellar/texlive/20240312/share/texmf-
dist/fonts/type1/public/amsfonts/cm/cmsy10.pfb></opt/homebrew/Cellar/texlive/20
240312/share/texmf-dist/fonts/type1/public/amsfonts/cm/cmsy5.pfb></opt/homebrew
/Cellar/texlive/20240312/share/texmf-dist/fonts/type1/public/amsfonts/cm/cmsy7.
pfb></opt/homebrew/Cellar/texlive/20240312/share/texmf-dist/fonts/type1/public/
amsfonts/cm/cmtt10.pfb></opt/homebrew/Cellar/texlive/20240312/share/texmf-dist/
fonts/type1/public/amsfonts/cm/cmtt9.pfb></opt/homebrew/Cellar/texlive/20240312
/share/texmf-dist/fonts/type1/public/amsfonts/symbols/msam10.pfb>
Output written on main.pdf (31 pages, 883602 bytes).
PDF statistics:
 193 PDF objects out of 1000 (max. 8388607)
 119 compressed objects within 2 object streams
 0 named destinations out of 1000 (max. 500000)
 21 words of extra memory for PDF output out of 10000 (max. 10000000)

